quest/app/build/outputs/mapping/release/seeds.txt
io.alef.app.twa.LauncherActivity
io.alef.app.twa.DelegationService
io.alef.app.twa.Application
io.alef.app.twa.DelegationService: DelegationService()
io.alef.app.twa.Application: Application()
io.alef.app.twa.LauncherActivity: LauncherActivity()
...
com.meta.horizon.platform.ovr.Core
com.meta.androidbrowserhelper.trusted.ManageDataLauncherActivity
androidx.lifecycle.CompositeGeneratedAdaptersObserver
com.meta.horizon.platform.ovr.models.Price
android.support.v4.graphics.drawable.IconCompatParcelizer
androidx.browser.browseractions.BrowserActionsFallbackMenuView
com.meta.androidbrowserhelper.horizonpermissions.PermissionRequestActivity
androidx.core.content.FileProvider
androidx.lifecycle.FullLifecycleObserverAdapter
com.meta.horizon.platform.ovr.models.Purchase
com.meta.androidbrowserhelper.trusted.NotificationPermissionRequestActivity
androidx.versionedparcelable.ParcelImpl
com.meta.horizon.platform.ovr.Message
com.meta.horizon.platform.ovr.models.UserAccountAgeCategory
com.meta.horizon.platform.ovr.Error
com.meta.androidbrowserhelper.trusted.WebViewFallbackActivity
com.meta.androidbrowserhelper.horizonbilling.provider.PaymentActivity
com.meta.horizon.platform.ovr.models.ProductArray
com.meta.androidbrowserhelper.horizonbilling.provider.PaymentService
androidx.core.app.CoreComponentFactory
com.meta.androidbrowserhelper.trusted.FocusActivity
androidx.core.app.RemoteActionCompatParcelizer
com.meta.horizon.platform.ovr.models.PurchaseArray
com.meta.horizon.platform.ovr.requests.IAP
androidx.lifecycle.SingleGeneratedAdapterObserver
androidx.core.app.RemoteActionCompat
android.support.v4.app.RemoteActionCompatParcelizer
androidx.annotation.Keep
com.meta.horizon.platform.ovr.models.PlatformInitialize
com.meta.horizon.platform.ovr.models.Product
androidx.core.graphics.drawable.IconCompatParcelizer
com.meta.horizon.platform.ovr.requests.UserAgeCategory
androidx.core.graphics.drawable.IconCompat
androidx.versionedparcelable.CustomVersionedParcelable
androidx.lifecycle.ReflectiveGenericLifecycleObserver
androidx.versionedparcelable.ParcelImpl: android.os.Parcelable$Creator CREATOR
com.meta.horizon.platform.ovr.models.Product: java.lang.String nativeGetFormattedPrice(long)
com.meta.horizon.platform.ovr.Message: long nativeGetUserAccountAgeCategory(long)
com.meta.horizon.platform.ovr.enums.ProductType: com.meta.horizon.platform.ovr.enums.ProductType[] values()
com.meta.horizon.platform.ovr.requests.UserAgeCategory: long nativeGet()
com.meta.horizon.platform.ovr.Message: long nativeGetProductArray(long)
com.meta.horizon.platform.ovr.Error: int nativeGetCode(long)
com.meta.androidbrowserhelper.horizonpermissions.PermissionRequestActivity: PermissionRequestActivity()
com.meta.horizon.platform.ovr.enums.AccountAgeCategory: com.meta.horizon.platform.ovr.enums.AccountAgeCategory[] values()
com.meta.horizon.platform.ovr.requests.IAP: long nativeGetViewerPurchasesDurableCache()
com.meta.horizon.platform.ovr.models.Purchase: java.lang.String nativeGetPurchaseStrID(long)
com.meta.androidbrowserhelper.trusted.WebViewFallbackActivity: WebViewFallbackActivity()
com.meta.horizon.platform.ovr.requests.IAP: long nativeGetProductsBySKU(java.lang.String[])
com.meta.androidbrowserhelper.trusted.FocusActivity: FocusActivity()
com.meta.horizon.platform.ovr.Core: long nativeGetLoggedInUserID()
com.meta.horizon.platform.ovr.Message: long nativeGetPlatformInitialize(long)
com.meta.horizon.platform.ovr.models.ProductArray: java.lang.String nativeGetNextUrl(long)
com.meta.horizon.platform.ovr.enums.PlatformInitializeResult: com.meta.horizon.platform.ovr.enums.PlatformInitializeResult[] values()
com.meta.horizon.platform.ovr.models.Price: java.lang.String nativeGetCurrency(long)
android.support.v4.graphics.drawable.IconCompatParcelizer: IconCompatParcelizer()
android.support.v4.app.RemoteActionCompatParcelizer: RemoteActionCompatParcelizer()
com.meta.androidbrowserhelper.horizonbilling.provider.PaymentService: PaymentService()
androidx.versionedparcelable.CustomVersionedParcelable: CustomVersionedParcelable()
androidx.core.app.RemoteActionCompatParcelizer: androidx.core.app.RemoteActionCompat read(androidx.versionedparcelable.VersionedParcel)