quest/app/build/outputs/mapping/release/mapping.txt
# compiler: R8
# compiler_version: 8.5.10
# min_api: 23
# common_typos_disable
# {"id":"com.android.tools.r8.mapping","version":"2.2"}
# pg_map_id: bf8b57f
# pg_map_hash: SHA-256 bf8b57f267d8fcb13933a675a4c108920a8c7a8659b54e4b04a881eb2879abe4
io.alef.app.twa.Application -> io.alef.app.twa.Application:
# {"id":"sourceFile","fileName":"Application.java"}
io.alef.app.twa.DelegationService -> io.alef.app.twa.DelegationService:
# {"id":"sourceFile","fileName":"DelegationService.java"}
io.alef.app.twa.LauncherActivity -> io.alef.app.twa.LauncherActivity:
# {"id":"sourceFile","fileName":"LauncherActivity.java"}
    1:1:android.net.Uri getLaunchingUrl():0:0 -> h
...
com.meta.horizon.billingclient.api.QueryPurchasesParams$Builder -> t.E$a:
# {"id":"sourceFile","fileName":"QueryPurchasesParams.kt"}
    java.lang.String productType -> a
    1:4:void <init>():0:0 -> <init>
    1:16:com.meta.horizon.billingclient.api.QueryPurchasesParams build():0:0 -> a
      # {"id":"com.android.tools.r8.residualsignature","signature":"()Lt/E;"}
    1:8:com.meta.horizon.billingclient.api.QueryPurchasesParams$Builder setProductType(java.lang.String):0:0 -> b
      # {"id":"com.android.tools.r8.residualsignature","signature":"(Ljava/lang/String;)Lt/E$a;"}
com.meta.horizon.billingclient.api.QueryPurchasesParams$Companion -> t.E$b:
# {"id":"sourceFile","fileName":"QueryPurchasesParams.kt"}
    1:1:void <init>():0:0 -> <init>
    2:2:void <init>(kotlin.jvm.internal.DefaultConstructorMarker):0:0 -> <init>
      # {"id":"com.android.tools.r8.residualsignature","signature":"(LD/b;)V"}
    1:6:com.meta.horizon.billingclient.api.QueryPurchasesParams$Builder newBuilder():0:0 -> a
      # {"id":"com.android.tools.r8.residualsignature","signature":"()Lt/E$a;"}
com.meta.horizon.billingclient.api.SkuDetails -> t.F:
# {"id":"sourceFile","fileName":"SkuDetails.kt"}
    java.lang.String price -> a
    long priceAmountMicros -> b
    java.lang.String priceCurrencyCode -> c
    java.lang.String sku -> d
    java.lang.String subscriptionPeriod -> e
    java.lang.String title -> f
    java.lang.String description -> g
    java.lang.String type -> h
    java.lang.String originalPrice -> i
    long originalPriceAmountMicros -> j
    java.lang.String originalJson -> k
    java.lang.String introductoryPrice -> l
    long introductoryPriceAmountMicros -> m
    int introductoryPriceCycles -> n
    java.lang.String introductoryPricePeriod -> o
    java.lang.String iconUrl -> p
    java.lang.String freeTrialPeriod -> q
    com.meta.horizon.billingclient.api.SkuDetails$Companion Companion -> r
      # {"id":"com.android.tools.r8.residualsignature","signature":"Lt/F$a;"}
    1:9:void <clinit>():0:0 -> <clinit>
    1:1:void <init>(com.meta.horizon.platform.ovr.models.Product):0:0 -> <init>
    2:2:void <init>(java.lang.String,long,java.lang.String,java.lang.String,java.lang.String,java.lang.String,java.lang.String,java.lang.String,java.lang.String,long,java.lang.String,java.lang.String,long,int,java.lang.String,java.lang.String,java.lang.String):0:0 -> <init>
com.meta.horizon.billingclient.api.SkuDetails$Companion -> t.F$a:
# {"id":"sourceFile","fileName":"SkuDetails.kt"}
    1:1:void <init>():0:0 -> <init>
    2:2:void <init>(kotlin.jvm.internal.DefaultConstructorMarker):0:0 -> <init>
      # {"id":"com.android.tools.r8.residualsignature","signature":"(LD/b;)V"}
    1:23:java.lang.String getSkuType$arvr_projects_platform_sdk_BillingCompatibility_horizon_billing_compatibility(com.meta.horizon.platform.ovr.models.Product):0:0 -> a
com.meta.horizon.billingclient.api.SkuDetailsParams -> t.G:
# {"id":"sourceFile","fileName":"SkuDetailsParams.kt"}
    java.lang.String skuType -> a
    java.util.List skusList -> b
    com.meta.horizon.billingclient.api.SkuDetailsParams$Companion Companion -> c
      # {"id":"com.android.tools.r8.residualsignature","signature":"Lt/G$b;"}
    1:9:void <clinit>():0:0 -> <clinit>
    1:18:void <init>(java.lang.String,java.util.List):0:0 -> <init>
    1:3:java.lang.String getSkuType():0:0 -> a
    1:3:java.util.List getSkusList():0:0 -> b
    1:7:com.meta.horizon.billingclient.api.SkuDetailsParams$Builder newBuilder():0:0 -> c
      # {"id":"com.android.tools.r8.residualsignature","signature":"()Lt/G$a;"}
    5:35:boolean equals(java.lang.Object):0:0 -> equals
    1:16:int hashCode():0:0 -> hashCode
    1:35:java.lang.String toString():0:0 -> toString