quest/app/build/outputs/mapping/release/usage.txt
io.alef.app.twa.R$bool
io.alef.app.twa.R$color
io.alef.app.twa.R$drawable
io.alef.app.twa.R$integer
io.alef.app.twa.R$mipmap
io.alef.app.twa.R$raw
io.alef.app.twa.R$string
io.alef.app.twa.R$xml
io.alef.app.twa.R
...
androidx.annotation.HalfFloat
androidx.annotation.IdRes
androidx.annotation.InspectableProperty$EnumEntry
androidx.annotation.InspectableProperty$FlagEntry
androidx.annotation.InspectableProperty$ValueType
androidx.annotation.InspectableProperty
androidx.annotation.IntDef
androidx.annotation.IntRange
androidx.annotation.IntegerRes
androidx.annotation.InterpolatorRes
androidx.annotation.LayoutRes
androidx.annotation.LongDef
androidx.annotation.MainThread
androidx.annotation.MenuRes
androidx.annotation.NavigationRes
androidx.annotation.NonNull
androidx.annotation.Nullable
androidx.annotation.PluralsRes
androidx.annotation.Px
androidx.annotation.RawRes
androidx.annotation.RequiresApi
androidx.annotation.RequiresFeature
androidx.annotation.RequiresPermission$Read
androidx.annotation.RequiresPermission$Write
androidx.annotation.RequiresPermission
androidx.annotation.RestrictTo$Scope
androidx.annotation.RestrictTo
androidx.annotation.Size
androidx.annotation.StringDef
androidx.annotation.StringRes
androidx.annotation.StyleRes
androidx.annotation.StyleableRes
androidx.annotation.TransitionRes
androidx.annotation.UiThread
androidx.annotation.VisibleForTesting
androidx.annotation.WorkerThread
androidx.annotation.XmlRes
androidx.arch.core.internal.FastSafeIterableMap
androidx.arch.core.internal.SafeIterableMap$AscendingIterator
androidx.arch.core.internal.SafeIterableMap$DescendingIterator
androidx.arch.core.internal.SafeIterableMap$Entry
androidx.arch.core.internal.SafeIterableMap$IteratorWithAdditions
androidx.arch.core.internal.SafeIterableMap$ListIterator
androidx.arch.core.internal.SafeIterableMap$SupportRemove
androidx.arch.core.internal.SafeIterableMap
androidx.arch.core.util.Function
androidx.browser.R$color
androidx.browser.R$dimen:
    private void <init>()
androidx.browser.R$id
androidx.browser.R$layout
androidx.browser.R$string
androidx.browser.R$xml
androidx.browser.R
androidx.browser.browseractions.BrowserActionItem
androidx.browser.browseractions.BrowserActionsFallbackMenuAdapter$1
androidx.browser.browseractions.BrowserActionsFallbackMenuAdapter$2
androidx.browser.browseractions.BrowserActionsFallbackMenuAdapter$ViewHolderItem
androidx.browser.browseractions.BrowserActionsFallbackMenuAdapter
androidx.browser.browseractions.BrowserActionsFallbackMenuDialog$1
androidx.browser.browseractions.BrowserActionsFallbackMenuDialog
androidx.browser.browseractions.BrowserActionsFallbackMenuUi$1
androidx.browser.browseractions.BrowserActionsFallbackMenuUi$2
androidx.browser.browseractions.BrowserActionsFallbackMenuUi$3
androidx.browser.browseractions.BrowserActionsFallbackMenuUi$BrowserActionsFallMenuUiListener
androidx.browser.browseractions.BrowserActionsFallbackMenuUi
androidx.browser.browseractions.BrowserActionsIntent$BrowserActionsFallDialogListener
androidx.browser.browseractions.BrowserActionsIntent$BrowserActionsItemId
androidx.browser.browseractions.BrowserActionsIntent$BrowserActionsUrlType
androidx.browser.browseractions.BrowserActionsIntent$Builder
androidx.browser.browseractions.BrowserActionsIntent
androidx.browser.browseractions.BrowserServiceFileProvider$1
androidx.browser.browseractions.BrowserServiceFileProvider$FileCleanupTask
androidx.browser.browseractions.BrowserServiceFileProvider$FileSaveTask
androidx.browser.browseractions.BrowserServiceFileProvider
androidx.browser.customtabs.CustomTabColorSchemeParams$Builder:
    public androidx.browser.customtabs.CustomTabColorSchemeParams$Builder setSecondaryToolbarColor(int)
androidx.browser.customtabs.CustomTabsCallback:
    public static final int NAVIGATION_ABORTED
    public static final int NAVIGATION_FAILED
    public static final int NAVIGATION_FINISHED
    public static final int NAVIGATION_STARTED
    public static final java.lang.String ONLINE_EXTRAS_KEY
    public static final int TAB_HIDDEN
    public static final int TAB_SHOWN
androidx.browser.customtabs.CustomTabsClient$1